[debug] [2022-05-13T20:32:23.995Z] ----------------------------------------------------------------------
[debug] [2022-05-13T20:32:23.996Z] Command:       C:\Program Files\nodejs\node.exe C:\Users\HP\AppData\Roaming\npm\node_modules\firebase-tools\lib\bin\firebase.js emulators:start
[debug] [2022-05-13T20:32:23.997Z] CLI Version:   10.9.2
[debug] [2022-05-13T20:32:23.997Z] Platform:      win32
[debug] [2022-05-13T20:32:23.997Z] Node Version:  v16.14.2
[debug] [2022-05-13T20:32:23.998Z] Time:          Fri May 13 2022 22:32:23 GMT+0200 (توقيت شرق أوروبا الرسمي)
[debug] [2022-05-13T20:32:23.999Z] ----------------------------------------------------------------------
[debug] 
[debug] [2022-05-13T20:32:24.069Z] > command requires scopes: ["email","openid","https://www.googleapis.com/auth/cloudplatformprojects.readonly","https://www.googleapis.com/auth/firebase","https://www.googleapis.com/auth/cloud-platform"]
[debug] [2022-05-13T20:32:24.070Z] > authorizing via signed-in user (ultimatestark662@gmail.com)
[info] i  emulators: Starting emulators: functions, hosting {"metadata":{"emulator":{"name":"hub"},"message":"Starting emulators: functions, hosting"}}
[debug] [2022-05-13T20:32:24.106Z] [hub] writing locator at C:\Users\HP\AppData\Local\Temp\hub-clone-a055c.json
[warn] !  functions: The following emulators are not running, calls to these services from the Functions emulator will affect production: auth, firestore, database, pubsub, storage {"metadata":{"emulator":{"name":"functions"},"message":"The following emulators are not running, calls to these services from the Functions emulator will affect production: \u001b[1mauth, firestore, database, pubsub, storage\u001b[22m"}}
[info] +  functions: Using node@16 from host. {"metadata":{"emulator":{"name":"functions"},"message":"Using node@16 from host."}}
[debug] [2022-05-13T20:32:24.473Z] defaultcredentials: writing to file C:\Users\HP\AppData\Roaming\firebase\ultimatestark662_gmail_com_application_default_credentials.json
[debug] [2022-05-13T20:32:24.475Z] Setting GAC to C:\Users\HP\AppData\Roaming\firebase\ultimatestark662_gmail_com_application_default_credentials.json {"metadata":{"emulator":{"name":"functions"},"message":"Setting GAC to C:\\Users\\HP\\AppData\\Roaming\\firebase\\ultimatestark662_gmail_com_application_default_credentials.json"}}
[debug] [2022-05-13T20:32:24.478Z] >>> [apiv2][query] GET https://firebase.googleapis.com/v1beta1/projects/clone-a055c/adminSdkConfig [none]
[debug] [2022-05-13T20:32:25.051Z] <<< [apiv2][status] GET https://firebase.googleapis.com/v1beta1/projects/clone-a055c/adminSdkConfig 200
[debug] [2022-05-13T20:32:25.051Z] <<< [apiv2][body] GET https://firebase.googleapis.com/v1beta1/projects/clone-a055c/adminSdkConfig {"projectId":"clone-a055c","storageBucket":"clone-a055c.appspot.com"}
[debug] [2022-05-13T20:32:25.101Z] >>> [apiv2][query] GET https://firebasehosting.googleapis.com/v1beta1/projects/clone-a055c/sites 
[debug] [2022-05-13T20:32:26.489Z] <<< [apiv2][status] GET https://firebasehosting.googleapis.com/v1beta1/projects/clone-a055c/sites 200
[debug] [2022-05-13T20:32:26.489Z] <<< [apiv2][body] GET https://firebasehosting.googleapis.com/v1beta1/projects/clone-a055c/sites {"sites":[{"name":"projects/clone-a055c/sites/clone-a055c","defaultUrl":"https://clone-a055c.web.app","appId":"1:1012386050292:web:cb75f40f30eb72975aaea1","type":"DEFAULT_SITE"}]}
[debug] [2022-05-13T20:32:26.490Z] >>> [apiv2][query] GET https://firebase.googleapis.com/v1beta1/projects/clone-a055c/webApps/1:1012386050292:web:cb75f40f30eb72975aaea1/config [none]
[debug] [2022-05-13T20:32:27.567Z] <<< [apiv2][status] GET https://firebase.googleapis.com/v1beta1/projects/clone-a055c/webApps/1:1012386050292:web:cb75f40f30eb72975aaea1/config 200
[debug] [2022-05-13T20:32:27.567Z] <<< [apiv2][body] GET https://firebase.googleapis.com/v1beta1/projects/clone-a055c/webApps/1:1012386050292:web:cb75f40f30eb72975aaea1/config {"projectId":"clone-a055c","appId":"1:1012386050292:web:cb75f40f30eb72975aaea1","storageBucket":"clone-a055c.appspot.com","apiKey":"AIzaSyCDNSmRurEAqqHA_vVdmTt25XpsqRnf7Ro","authDomain":"clone-a055c.firebaseapp.com","messagingSenderId":"1012386050292","measurementId":"G-0E4C1E39PV"}
[info] i  hosting: Serving hosting files from: build {"metadata":{"emulator":{"name":"hosting"},"message":"Serving hosting files from: \u001b[1mbuild\u001b[22m"}}
[info] +  hosting: Local server: http://localhost:5000 {"metadata":{"emulator":{"name":"hosting"},"message":"Local server: \u001b[4m\u001b[1mhttp://localhost:5000\u001b[22m\u001b[24m"}}
[info] i  ui: downloading ui-v1.7.0.zip... {"metadata":{"emulator":{"name":"ui"},"message":"downloading ui-v1.7.0.zip..."}}
[debug] [2022-05-13T20:32:27.703Z] >>> [apiv2][query] GET https://storage.googleapis.com/firebase-preview-drop/emulator/ui-v1.7.0.zip 
[debug] [2022-05-13T20:32:28.190Z] <<< [apiv2][status] GET https://storage.googleapis.com/firebase-preview-drop/emulator/ui-v1.7.0.zip 200
[debug] [2022-05-13T20:32:28.190Z] <<< [apiv2][body] GET https://storage.googleapis.com/firebase-preview-drop/emulator/ui-v1.7.0.zip [stream]
[debug] [2022-05-13T20:32:31.624Z] Ignoring unsupported arg: auto_download {"metadata":{"emulator":{"name":"ui"},"message":"Ignoring unsupported arg: auto_download"}}
[debug] [2022-05-13T20:32:31.624Z] Ignoring unsupported arg: port {"metadata":{"emulator":{"name":"ui"},"message":"Ignoring unsupported arg: port"}}
[debug] [2022-05-13T20:32:31.624Z] Starting Emulator UI with command {"binary":"node","args":["C:\\Users\\HP\\.cache\\firebase\\emulators\\ui-v1.7.0\\server.bundle.js"],"optionalArgs":[],"joinArgs":false} {"metadata":{"emulator":{"name":"ui"},"message":"Starting Emulator UI with command {\"binary\":\"node\",\"args\":[\"C:\\\\Users\\\\HP\\\\.cache\\\\firebase\\\\emulators\\\\ui-v1.7.0\\\\server.bundle.js\"],\"optionalArgs\":[],\"joinArgs\":false}"}}
[info] i  ui: Emulator UI logging to ui-debug.log {"metadata":{"emulator":{"name":"ui"},"message":"Emulator UI logging to \u001b[1mui-debug.log\u001b[22m"}}
[debug] [2022-05-13T20:32:31.786Z] Web / API server started at localhost:4000
 {"metadata":{"emulator":{"name":"ui"},"message":"Web / API server started at localhost:4000\n"}}
[info] i  functions: Watching "C:\Users\HP\Desktop\Amazon_clone\amazon-clone\functions" for Cloud Functions... {"metadata":{"emulator":{"name":"functions"},"message":"Watching \"C:\\Users\\HP\\Desktop\\Amazon_clone\\amazon-clone\\functions\" for Cloud Functions..."}}
[debug] [2022-05-13T20:32:31.899Z] Validating nodejs source
[debug] [2022-05-13T20:32:37.183Z] > [functions] package.json contents: {
  "name": "functions",
  "description": "Cloud Functions for Firebase",
  "scripts": {
    "lint": "eslint .",
    "serve": "firebase emulators:start --only functions",
    "shell": "firebase functions:shell",
    "start": "npm run shell",
    "deploy": "firebase deploy --only functions",
    "logs": "firebase functions:log"
  },
  "engines": {
    "node": "16"
  },
  "main": "index.js",
  "dependencies": {
    "cors": "^2.8.5",
    "express": "^4.18.1",
    "firebase-admin": "^10.0.2",
    "firebase-functions": "^3.18.0",
    "stripe": "^9.1.0"
  },
  "devDependencies": {
    "eslint": "^8.9.0",
    "eslint-config-google": "^0.14.0",
    "firebase-functions-test": "^0.2.0"
  },
  "private": true
}
[debug] [2022-05-13T20:32:37.184Z] Building nodejs source
[debug] [2022-05-13T20:32:37.184Z] Analyzing nodejs backend spec
[debug] [2022-05-13T20:32:37.185Z] Could not find functions.yaml. Must use http discovery
[debug] [2022-05-13T20:32:38.799Z] Serving at port 9005

[debug] [2022-05-13T20:32:42.173Z] Got response from /__/functions.yaml {"endpoints":{"api":{"platform":"gcfv1","httpsTrigger":{},"entryPoint":"api"}},"specVersion":"v1alpha1","requiredAPIs":[]}
[debug] [2022-05-13T20:32:42.192Z] shutdown requested via /__/quitquitquit

[info] +  functions[us-central1-api]: http function initialized (http://localhost:5001/clone-a055c/us-central1/api). {"metadata":{"emulator":{"name":"functions"},"message":"\u001b[1mhttp\u001b[22m function initialized (http://localhost:5001/clone-a055c/us-central1/api)."}}
[info] 
┌─────────────────────────────────────────────────────────────┐
│ ✔  All emulators ready! It is now safe to connect your app. │
│ i  View Emulator UI at http://localhost:4000                │
└─────────────────────────────────────────────────────────────┘

┌───────────┬────────────────┬─────────────────────────────────┐
│ Emulator  │ Host:Port      │ View in Emulator UI             │
├───────────┼────────────────┼─────────────────────────────────┤
│ Functions │ localhost:5001 │ http://localhost:4000/functions │
├───────────┼────────────────┼─────────────────────────────────┤
│ Hosting   │ localhost:5000 │ n/a                             │
└───────────┴────────────────┴─────────────────────────────────┘
  Emulator Hub running at localhost:4400
  Other reserved ports: 4500

Issues? Report them at https://github.com/firebase/firebase-tools/issues and attach the *-debug.log files.
 
[debug] [2022-05-13T20:34:51.365Z] File C:\Users\HP\Desktop\Amazon_clone\amazon-clone\functions\index.js changed, reloading triggers {"metadata":{"emulator":{"name":"functions"},"message":"File C:\\Users\\HP\\Desktop\\Amazon_clone\\amazon-clone\\functions\\index.js changed, reloading triggers"}}
[debug] [2022-05-13T20:34:52.371Z] Validating nodejs source
[debug] [2022-05-13T20:35:00.058Z] > [functions] package.json contents: {
  "name": "functions",
  "description": "Cloud Functions for Firebase",
  "scripts": {
    "lint": "eslint .",
    "serve": "firebase emulators:start --only functions",
    "shell": "firebase functions:shell",
    "start": "npm run shell",
    "deploy": "firebase deploy --only functions",
    "logs": "firebase functions:log"
  },
  "engines": {
    "node": "16"
  },
  "main": "index.js",
  "dependencies": {
    "cors": "^2.8.5",
    "express": "^4.18.1",
    "firebase-admin": "^10.0.2",
    "firebase-functions": "^3.18.0",
    "stripe": "^9.1.0"
  },
  "devDependencies": {
    "eslint": "^8.9.0",
    "eslint-config-google": "^0.14.0",
    "firebase-functions-test": "^0.2.0"
  },
  "private": true
}
[debug] [2022-05-13T20:35:00.058Z] Building nodejs source
[debug] [2022-05-13T20:35:00.058Z] Analyzing nodejs backend spec
[debug] [2022-05-13T20:35:00.060Z] Could not find functions.yaml. Must use http discovery
[debug] [2022-05-13T20:35:00.086Z] File C:\Users\HP\Desktop\Amazon_clone\amazon-clone\functions\index.js changed, reloading triggers {"metadata":{"emulator":{"name":"functions"},"message":"File C:\\Users\\HP\\Desktop\\Amazon_clone\\amazon-clone\\functions\\index.js changed, reloading triggers"}}
[debug] [2022-05-13T20:35:00.551Z] Serving at port 9005

[debug] [2022-05-13T20:35:00.770Z] Got response from /__/functions.yaml {"endpoints":{"api":{"platform":"gcfv1","httpsTrigger":{},"entryPoint":"api"}},"specVersion":"v1alpha1","requiredAPIs":[]}
[debug] [2022-05-13T20:35:00.786Z] shutdown requested via /__/quitquitquit

[debug] [2022-05-13T20:35:01.089Z] Validating nodejs source
[debug] [2022-05-13T20:35:06.553Z] > [functions] package.json contents: {
  "name": "functions",
  "description": "Cloud Functions for Firebase",
  "scripts": {
    "lint": "eslint .",
    "serve": "firebase emulators:start --only functions",
    "shell": "firebase functions:shell",
    "start": "npm run shell",
    "deploy": "firebase deploy --only functions",
    "logs": "firebase functions:log"
  },
  "engines": {
    "node": "16"
  },
  "main": "index.js",
  "dependencies": {
    "cors": "^2.8.5",
    "express": "^4.18.1",
    "firebase-admin": "^10.0.2",
    "firebase-functions": "^3.18.0",
    "stripe": "^9.1.0"
  },
  "devDependencies": {
    "eslint": "^8.9.0",
    "eslint-config-google": "^0.14.0",
    "firebase-functions-test": "^0.2.0"
  },
  "private": true
}
[debug] [2022-05-13T20:35:06.554Z] Building nodejs source
[debug] [2022-05-13T20:35:06.554Z] Analyzing nodejs backend spec
[debug] [2022-05-13T20:35:06.554Z] Could not find functions.yaml. Must use http discovery
[debug] [2022-05-13T20:35:07.102Z] Serving at port 9005

[debug] [2022-05-13T20:35:07.320Z] Got response from /__/functions.yaml {"endpoints":{"api":{"platform":"gcfv1","httpsTrigger":{},"entryPoint":"api"}},"specVersion":"v1alpha1","requiredAPIs":[]}
[debug] [2022-05-13T20:35:07.335Z] shutdown requested via /__/quitquitquit

[debug] [2022-05-13T20:35:45.135Z] [work-queue] {"queueLength":1,"workRunningCount":0}
[debug] [2022-05-13T20:35:45.135Z] [work-queue] {"queueLength":0,"workRunningCount":1}
[debug] [2022-05-13T20:35:45.136Z] Accepted request GET /clone-a055c/us-central1/api --> us-central1-api
[debug] [2022-05-13T20:35:45.164Z] [worker-pool] addWorker(us-central1-api) {"metadata":{"emulator":{"name":"functions"},"message":"[worker-pool] addWorker(us-central1-api)"}}
[debug] [2022-05-13T20:35:45.164Z] [worker-pool] Adding worker with key us-central1-api, total=1 {"metadata":{"emulator":{"name":"functions"},"message":"[worker-pool] Adding worker with key us-central1-api, total=1"}}
[debug] [2022-05-13T20:35:45.165Z] [worker-pool] submitWork(triggerId=us-central1-api) {"metadata":{"emulator":{"name":"functions"},"message":"[worker-pool] submitWork(triggerId=us-central1-api)"}}
[debug] [2022-05-13T20:35:45.165Z] [worker-us-central1-api-144694a8-d0e2-41d5-8e05-27ca37cdde21]: Assigning socketPath: \\?\pipe\C:\Users\HP\Desktop\Amazon_clone\amazon-clone\functions\9460 {"metadata":{"emulator":{"name":"functions"},"message":"[worker-us-central1-api-144694a8-d0e2-41d5-8e05-27ca37cdde21]: Assigning socketPath: \\\\?\\pipe\\C:\\Users\\HP\\Desktop\\Amazon_clone\\amazon-clone\\functions\\9460"}}
[debug] [2022-05-13T20:35:45.166Z] [worker-us-central1-api-144694a8-d0e2-41d5-8e05-27ca37cdde21]: BUSY {"metadata":{"emulator":{"name":"functions"},"message":"[worker-us-central1-api-144694a8-d0e2-41d5-8e05-27ca37cdde21]: BUSY"}}
[debug] [2022-05-13T20:35:47.511Z] [runtime-status] [9460] Functions runtime initialized. {"cwd":"C:\\Users\\HP\\Desktop\\Amazon_clone\\amazon-clone\\functions","node_version":"16.14.2"} {"metadata":{"emulator":{"name":"functions"},"function":{"name":"us-central1-api"},"extension":{},"message":"[runtime-status] [9460] Functions runtime initialized. {\"cwd\":\"C:\\\\Users\\\\HP\\\\Desktop\\\\Amazon_clone\\\\amazon-clone\\\\functions\",\"node_version\":\"16.14.2\"}"}}
[debug] [2022-05-13T20:35:47.512Z] [runtime-status] [9460] Disabled runtime features: undefined {"metadata":{"emulator":{"name":"functions"},"function":{"name":"us-central1-api"},"extension":{},"message":"[runtime-status] [9460] Disabled runtime features: undefined"}}
[debug] [2022-05-13T20:35:47.517Z] [runtime-status] [9460] Resolved module firebase-admin {"declared":true,"installed":true,"version":"10.2.0","resolution":"C:\\Users\\HP\\Desktop\\Amazon_clone\\amazon-clone\\functions\\node_modules\\firebase-admin\\lib\\index.js"} {"metadata":{"emulator":{"name":"functions"},"function":{"name":"us-central1-api"},"extension":{},"message":"[runtime-status] [9460] Resolved module firebase-admin {\"declared\":true,\"installed\":true,\"version\":\"10.2.0\",\"resolution\":\"C:\\\\Users\\\\HP\\\\Desktop\\\\Amazon_clone\\\\amazon-clone\\\\functions\\\\node_modules\\\\firebase-admin\\\\lib\\\\index.js\"}"}}
[debug] [2022-05-13T20:35:47.519Z] [runtime-status] [9460] Resolved module firebase-functions {"declared":true,"installed":true,"version":"3.21.1","resolution":"C:\\Users\\HP\\Desktop\\Amazon_clone\\amazon-clone\\functions\\node_modules\\firebase-functions\\lib\\index.js"} {"metadata":{"emulator":{"name":"functions"},"function":{"name":"us-central1-api"},"extension":{},"message":"[runtime-status] [9460] Resolved module firebase-functions {\"declared\":true,\"installed\":true,\"version\":\"3.21.1\",\"resolution\":\"C:\\\\Users\\\\HP\\\\Desktop\\\\Amazon_clone\\\\amazon-clone\\\\functions\\\\node_modules\\\\firebase-functions\\\\lib\\\\index.js\"}"}}
[debug] [2022-05-13T20:35:47.520Z] [runtime-status] [9460] Outgoing network have been stubbed. [{"name":"http","status":"mocked"},{"name":"http","status":"mocked"},{"name":"https","status":"mocked"},{"name":"https","status":"mocked"},{"name":"net","status":"mocked"}] {"metadata":{"emulator":{"name":"functions"},"function":{"name":"us-central1-api"},"extension":{},"message":"[runtime-status] [9460] Outgoing network have been stubbed. [{\"name\":\"http\",\"status\":\"mocked\"},{\"name\":\"http\",\"status\":\"mocked\"},{\"name\":\"https\",\"status\":\"mocked\"},{\"name\":\"https\",\"status\":\"mocked\"},{\"name\":\"net\",\"status\":\"mocked\"}]"}}
[debug] [2022-05-13T20:35:47.522Z] [runtime-status] [9460] Resolved module firebase-functions {"declared":true,"installed":true,"version":"3.21.1","resolution":"C:\\Users\\HP\\Desktop\\Amazon_clone\\amazon-clone\\functions\\node_modules\\firebase-functions\\lib\\index.js"} {"metadata":{"emulator":{"name":"functions"},"function":{"name":"us-central1-api"},"extension":{},"message":"[runtime-status] [9460] Resolved module firebase-functions {\"declared\":true,\"installed\":true,\"version\":\"3.21.1\",\"resolution\":\"C:\\\\Users\\\\HP\\\\Desktop\\\\Amazon_clone\\\\amazon-clone\\\\functions\\\\node_modules\\\\firebase-functions\\\\lib\\\\index.js\"}"}}
[debug] [2022-05-13T20:35:47.597Z] [runtime-status] [9460] Checked functions.config() {"config":{}} {"metadata":{"emulator":{"name":"functions"},"function":{"name":"us-central1-api"},"extension":{},"message":"[runtime-status] [9460] Checked functions.config() {\"config\":{}}"}}
[debug] [2022-05-13T20:35:47.597Z] [runtime-status] [9460] firebase-functions has been stubbed. {"functionsResolution":{"declared":true,"installed":true,"version":"3.21.1","resolution":"C:\\Users\\HP\\Desktop\\Amazon_clone\\amazon-clone\\functions\\node_modules\\firebase-functions\\lib\\index.js"}} {"metadata":{"emulator":{"name":"functions"},"function":{"name":"us-central1-api"},"extension":{},"message":"[runtime-status] [9460] firebase-functions has been stubbed. {\"functionsResolution\":{\"declared\":true,\"installed\":true,\"version\":\"3.21.1\",\"resolution\":\"C:\\\\Users\\\\HP\\\\Desktop\\\\Amazon_clone\\\\amazon-clone\\\\functions\\\\node_modules\\\\firebase-functions\\\\lib\\\\index.js\"}}"}}
[debug] [2022-05-13T20:35:47.599Z] [runtime-status] [9460] Resolved module firebase-functions {"declared":true,"installed":true,"version":"3.21.1","resolution":"C:\\Users\\HP\\Desktop\\Amazon_clone\\amazon-clone\\functions\\node_modules\\firebase-functions\\lib\\index.js"} {"metadata":{"emulator":{"name":"functions"},"function":{"name":"us-central1-api"},"extension":{},"message":"[runtime-status] [9460] Resolved module firebase-functions {\"declared\":true,\"installed\":true,\"version\":\"3.21.1\",\"resolution\":\"C:\\\\Users\\\\HP\\\\Desktop\\\\Amazon_clone\\\\amazon-clone\\\\functions\\\\node_modules\\\\firebase-functions\\\\lib\\\\index.js\"}"}}
[debug] [2022-05-13T20:35:47.601Z] [runtime-status] [9460] Resolved module firebase-admin {"declared":true,"installed":true,"version":"10.2.0","resolution":"C:\\Users\\HP\\Desktop\\Amazon_clone\\amazon-clone\\functions\\node_modules\\firebase-admin\\lib\\index.js"} {"metadata":{"emulator":{"name":"functions"},"function":{"name":"us-central1-api"},"extension":{},"message":"[runtime-status] [9460] Resolved module firebase-admin {\"declared\":true,\"installed\":true,\"version\":\"10.2.0\",\"resolution\":\"C:\\\\Users\\\\HP\\\\Desktop\\\\Amazon_clone\\\\amazon-clone\\\\functions\\\\node_modules\\\\firebase-admin\\\\lib\\\\index.js\"}"}}
[debug] [2022-05-13T20:35:47.602Z] [runtime-status] [9460] Resolved module firebase-functions {"declared":true,"installed":true,"version":"3.21.1","resolution":"C:\\Users\\HP\\Desktop\\Amazon_clone\\amazon-clone\\functions\\node_modules\\firebase-functions\\lib\\index.js"} {"metadata":{"emulator":{"name":"functions"},"function":{"name":"us-central1-api"},"extension":{},"message":"[runtime-status] [9460] Resolved module firebase-functions {\"declared\":true,\"installed\":true,\"version\":\"3.21.1\",\"resolution\":\"C:\\\\Users\\\\HP\\\\Desktop\\\\Amazon_clone\\\\amazon-clone\\\\functions\\\\node_modules\\\\firebase-functions\\\\lib\\\\index.js\"}"}}
[debug] [2022-05-13T20:35:47.603Z] [runtime-status] [9460] firebase-admin has been stubbed. {"adminResolution":{"declared":true,"installed":true,"version":"10.2.0","resolution":"C:\\Users\\HP\\Desktop\\Amazon_clone\\amazon-clone\\functions\\node_modules\\firebase-admin\\lib\\index.js"}} {"metadata":{"emulator":{"name":"functions"},"function":{"name":"us-central1-api"},"extension":{},"message":"[runtime-status] [9460] firebase-admin has been stubbed. {\"adminResolution\":{\"declared\":true,\"installed\":true,\"version\":\"10.2.0\",\"resolution\":\"C:\\\\Users\\\\HP\\\\Desktop\\\\Amazon_clone\\\\amazon-clone\\\\functions\\\\node_modules\\\\firebase-admin\\\\lib\\\\index.js\"}}"}}
[debug] [2022-05-13T20:35:47.910Z] [runtime-status] [9460] Beginning invocation function api! {"metadata":{"emulator":{"name":"functions"},"function":{"name":"us-central1-api"},"extension":{},"message":"[runtime-status] [9460] Beginning invocation function api!"}}
[info] i  functions: Beginning execution of "api" {"metadata":{"emulator":{"name":"functions"},"function":{"name":"us-central1-api"},"extension":{},"message":"Beginning execution of \"api\""}}
[debug] [2022-05-13T20:35:47.913Z] [runtime-status] [9460] Running api in signature http {"metadata":{"emulator":{"name":"functions"},"function":{"name":"us-central1-api"},"extension":{},"message":"[runtime-status] [9460] Running api in signature http"}}
[debug] [2022-05-13T20:35:47.922Z] [runtime-status] [9460] Attempting to listen to socketPath: \\?\pipe\C:\Users\HP\Desktop\Amazon_clone\amazon-clone\functions\9460 {"metadata":{"emulator":{"name":"functions"},"function":{"name":"us-central1-api"},"extension":{},"message":"[runtime-status] [9460] Attempting to listen to socketPath: \\\\?\\pipe\\C:\\Users\\HP\\Desktop\\Amazon_clone\\amazon-clone\\functions\\9460"}}
[debug] [2022-05-13T20:35:47.933Z] [functions] Runtime ready! Sending request! {"metadata":{"emulator":{"name":"functions"},"message":"[functions] Runtime ready! Sending request!"}}
[debug] [2022-05-13T20:35:47.934Z] [functions] Got req.url=/clone-a055c/us-central1/api, mapping to path=/ {"metadata":{"emulator":{"name":"functions"},"message":"[functions] Got req.url=/clone-a055c/us-central1/api, mapping to path=/"}}
[debug] [2022-05-13T20:35:47.944Z] [runtime-status] [9460] Ephemeral server handling GET request {"metadata":{"emulator":{"name":"functions"},"function":{"name":"us-central1-api"},"extension":{},"message":"[runtime-status] [9460] Ephemeral server handling GET request"}}
[debug] [2022-05-13T20:35:47.952Z] [runtime-status] [9460] Ephemeral server survived. {"metadata":{"emulator":{"name":"functions"},"function":{"name":"us-central1-api"},"extension":{},"message":"[runtime-status] [9460] Ephemeral server survived."}}
[info] i  functions: Finished "api" in ~1s {"metadata":{"emulator":{"name":"functions"},"function":{"name":"us-central1-api"},"extension":{},"message":"Finished \"api\" in ~1s"}}
[debug] [2022-05-13T20:35:47.959Z] [worker-us-central1-api-144694a8-d0e2-41d5-8e05-27ca37cdde21]: IDLE {"metadata":{"emulator":{"name":"functions"},"message":"[worker-us-central1-api-144694a8-d0e2-41d5-8e05-27ca37cdde21]: IDLE"}}
[debug] [2022-05-13T20:35:47.960Z] [work-queue] {"queueLength":0,"workRunningCount":0}
[debug] [2022-05-13T20:35:48.028Z] Functions emulator received unknown request at path /favicon.ico
